<?xml version="1.0" encoding="UTF-8"?>
<testng-results skipped="0" failed="0" total="1" passed="1">
  <reporter-output>
  </reporter-output>
  <suite name="test" duration-ms="20897" started-at="2016-08-10T10:02:33Z" finished-at="2016-08-10T10:02:54Z">
    <groups>
      <group name="login">
        <method signature="TestAnotations.neuspesnoLogovanje()[pri:0, instance:test.login.TestAnotations@1ef7fe8e]" name="neuspesnoLogovanje" class="test.login.TestAnotations"/>
      </group> <!-- login -->
    </groups>
    <test name="one script" duration-ms="20897" started-at="2016-08-10T10:02:33Z" finished-at="2016-08-10T10:02:54Z">
      <class name="test.login.TestAnotations">
        <test-method status="PASS" signature="beforeClass()[pri:0, instance:test.login.TestAnotations@1ef7fe8e]" name="beforeClass" is-config="true" duration-ms="14005" started-at="2016-08-10T12:02:33Z" finished-at="2016-08-10T12:02:47Z">
          <reporter-output>
          </reporter-output>
        </test-method> <!-- beforeClass -->
        <test-method status="PASS" signature="neuspesnoLogovanje()[pri:0, instance:test.login.TestAnotations@1ef7fe8e]" name="neuspesnoLogovanje" duration-ms="6868" started-at="2016-08-10T12:02:47Z" finished-at="2016-08-10T12:02:54Z">
          <reporter-output>
          </reporter-output>
        </test-method> <!-- neuspesnoLogovanje -->
      </class> <!-- test.login.TestAnotations -->
    </test> <!-- one script -->
  </suite> <!-- test -->
</testng-results>
