<?xml version="1.0" encoding="UTF-8"?>
<!-- Generated by org.testng.reporters.JUnitXMLReporter -->
<testsuite hostname="L-000390" name="Default test" tests="1" failures="0" timestamp="5 Aug 2016 10:44:22 GMT" time="52.094" errors="0">
  <testcase name="@BeforeClass setUp" time="0.0" classname="test.Test1">
    <failure type="org.openqa.selenium.WebDriverException" message="Failed to connect to binary FirefoxBinary(C:\Program Files (x86)\Mozilla Firefox\firefox.exe) on port 7055; process output follows: 
104	addons.xpi	DEBUG	Updating database with changes to installed add-ons
1470393818104	addons.xpi-utils	DEBUG	Updating add-on states
1470393818108	addons.xpi-utils	DEBUG	Writing add-ons list
1470393818132	addons.xpi	DEBUG	Registering manifest for C:\Program Files (x86)\Mozilla Firefox\browser\features\e10srollout@mozilla.org.xpi
1470393818133	addons.xpi	DEBUG	Calling bootstrap method startup on e10srollout@mozilla.org version 1.0
1470393818133	addons.xpi	DEBUG	Registering manifest for C:\Program Files (x86)\Mozilla Firefox\browser\features\firefox@getpocket.com.xpi
1470393818134	addons.xpi	DEBUG	Calling bootstrap method startup on firefox@getpocket.com version 1.0.4
1470393818136	addons.xpi	DEBUG	Registering manifest for C:\Program Files (x86)\Mozilla Firefox\browser\features\loop@mozilla.org.xpi
1470393818138	addons.xpi	DEBUG	Calling bootstrap method startup on loop@mozilla.org version 1.4.3
1470393818279	addons.manager	DEBUG	Registering shutdown blocker for XPIProvider
1470393818280	addons.manager	DEBUG	Provider finished startup: XPIProvider
1470393818281	addons.manager	DEBUG	Starting provider: LightweightThemeManager
1470393818281	addons.manager	DEBUG	Registering shutdown blocker for LightweightThemeManager
1470393818282	addons.manager	DEBUG	Provider finished startup: LightweightThemeManager
1470393818283	addons.manager	DEBUG	Starting provider: GMPProvider
1470393818309	addons.manager	DEBUG	Registering shutdown blocker for GMPProvider
1470393818310	addons.manager	DEBUG	Provider finished startup: GMPProvider
1470393818310	addons.manager	DEBUG	Starting provider: PluginProvider
1470393818311	addons.manager	DEBUG	Registering shutdown blocker for PluginProvider
1470393818311	addons.manager	DEBUG	Provider finished startup: PluginProvider
1470393818313	addons.manager	DEBUG	Completed startup sequence
1470393819993	addons.manager	DEBUG	Starting provider: &amp;lt;unnamed-provider&amp;gt;
1470393819993	addons.manager	DEBUG	Registering shutdown blocker for &amp;lt;unnamed-provider&amp;gt;
1470393819994	addons.manager	DEBUG	Provider finished startup: &amp;lt;unnamed-provider&amp;gt;
1470393820625	DeferredSave.extensions.json	DEBUG	Write succeeded
1470393820625	addons.xpi-utils	DEBUG	XPI Database saved, setting schema version preference to 17
1470393820625	DeferredSave.extensions.json	DEBUG	Starting timer
1470393820653	DeferredSave.extensions.json	DEBUG	Starting write
1470393820692	addons.repository	DEBUG	No addons.json found.
1470393820693	DeferredSave.addons.json	DEBUG	Save changes
1470393820724	DeferredSave.addons.json	DEBUG	Starting timer
1470393821307	addons.manager	DEBUG	Starting provider: PreviousExperimentProvider
1470393821308	addons.manager	DEBUG	Registering shutdown blocker for PreviousExperimentProvider
1470393821309	addons.manager	DEBUG	Provider finished startup: PreviousExperimentProvider
1470393821788	DeferredSave.addons.json	DEBUG	Starting write
1470393821815	DeferredSave.extensions.json	DEBUG	Write succeeded
1470393822034	DeferredSave.addons.json	DEBUG	Write succeeded
1470393848502	addons.xpi	DEBUG	Calling bootstrap method shutdown on e10srollout@mozilla.org version 1.0
1470393848502	addons.xpi	DEBUG	Calling bootstrap method shutdown on firefox@getpocket.com version 1.0.4
1470393848503	addons.xpi	DEBUG	Calling bootstrap method shutdown on loop@mozilla.org version 1.4.3
1470393848758	addons.manager	DEBUG	shutdown
1470393848758	addons.manager	DEBUG	Calling shutdown blocker for XPIProvider
1470393848759	addons.xpi	DEBUG	shutdown
1470393848759	addons.xpi-utils	DEBUG	shutdown
1470393848760	addons.manager	DEBUG	Calling shutdown blocker for LightweightThemeManager
1470393848761	addons.manager	DEBUG	Calling shutdown blocker for GMPProvider
1470393848763	addons.manager	DEBUG	Calling shutdown blocker for PluginProvider
1470393848764	addons.manager	DEBUG	Calling shutdown blocker for &amp;lt;unnamed-provider&amp;gt;
1470393848767	addons.manager	DEBUG	Calling shutdown blocker for PreviousExperimentProvider
1470393848771	addons.xpi	DEBUG	Notifying XPI shutdown observers
1470393848775	addons.manager	DEBUG	Async provider shutdown done

Build info: version: &amp;apos;2.53.1&amp;apos;, revision: &amp;apos;a36b8b1&amp;apos;, time: &amp;apos;2016-06-30 17:37:03&amp;apos;
System info: host: &amp;apos;L-000390&amp;apos;, ip: &amp;apos;172.17.131.127&amp;apos;, os.name: &amp;apos;Windows 7&amp;apos;, os.arch: &amp;apos;amd64&amp;apos;, os.version: &amp;apos;6.1&amp;apos;, java.version: &amp;apos;1.8.0_101&amp;apos;
Driver info: driver.version: FirefoxDriver">
      <![CDATA[org.openqa.selenium.WebDriverException: Failed to connect to binary FirefoxBinary(C:\Program Files (x86)\Mozilla Firefox\firefox.exe) on port 7055; process output follows: 
104	addons.xpi	DEBUG	Updating database with changes to installed add-ons
1470393818104	addons.xpi-utils	DEBUG	Updating add-on states
1470393818108	addons.xpi-utils	DEBUG	Writing add-ons list
1470393818132	addons.xpi	DEBUG	Registering manifest for C:\Program Files (x86)\Mozilla Firefox\browser\features\e10srollout@mozilla.org.xpi
1470393818133	addons.xpi	DEBUG	Calling bootstrap method startup on e10srollout@mozilla.org version 1.0
1470393818133	addons.xpi	DEBUG	Registering manifest for C:\Program Files (x86)\Mozilla Firefox\browser\features\firefox@getpocket.com.xpi
1470393818134	addons.xpi	DEBUG	Calling bootstrap method startup on firefox@getpocket.com version 1.0.4
1470393818136	addons.xpi	DEBUG	Registering manifest for C:\Program Files (x86)\Mozilla Firefox\browser\features\loop@mozilla.org.xpi
1470393818138	addons.xpi	DEBUG	Calling bootstrap method startup on loop@mozilla.org version 1.4.3
1470393818279	addons.manager	DEBUG	Registering shutdown blocker for XPIProvider
1470393818280	addons.manager	DEBUG	Provider finished startup: XPIProvider
1470393818281	addons.manager	DEBUG	Starting provider: LightweightThemeManager
1470393818281	addons.manager	DEBUG	Registering shutdown blocker for LightweightThemeManager
1470393818282	addons.manager	DEBUG	Provider finished startup: LightweightThemeManager
1470393818283	addons.manager	DEBUG	Starting provider: GMPProvider
1470393818309	addons.manager	DEBUG	Registering shutdown blocker for GMPProvider
1470393818310	addons.manager	DEBUG	Provider finished startup: GMPProvider
1470393818310	addons.manager	DEBUG	Starting provider: PluginProvider
1470393818311	addons.manager	DEBUG	Registering shutdown blocker for PluginProvider
1470393818311	addons.manager	DEBUG	Provider finished startup: PluginProvider
1470393818313	addons.manager	DEBUG	Completed startup sequence
1470393819993	addons.manager	DEBUG	Starting provider: <unnamed-provider>
1470393819993	addons.manager	DEBUG	Registering shutdown blocker for <unnamed-provider>
1470393819994	addons.manager	DEBUG	Provider finished startup: <unnamed-provider>
1470393820625	DeferredSave.extensions.json	DEBUG	Write succeeded
1470393820625	addons.xpi-utils	DEBUG	XPI Database saved, setting schema version preference to 17
1470393820625	DeferredSave.extensions.json	DEBUG	Starting timer
1470393820653	DeferredSave.extensions.json	DEBUG	Starting write
1470393820692	addons.repository	DEBUG	No addons.json found.
1470393820693	DeferredSave.addons.json	DEBUG	Save changes
1470393820724	DeferredSave.addons.json	DEBUG	Starting timer
1470393821307	addons.manager	DEBUG	Starting provider: PreviousExperimentProvider
1470393821308	addons.manager	DEBUG	Registering shutdown blocker for PreviousExperimentProvider
1470393821309	addons.manager	DEBUG	Provider finished startup: PreviousExperimentProvider
1470393821788	DeferredSave.addons.json	DEBUG	Starting write
1470393821815	DeferredSave.extensions.json	DEBUG	Write succeeded
1470393822034	DeferredSave.addons.json	DEBUG	Write succeeded
1470393848502	addons.xpi	DEBUG	Calling bootstrap method shutdown on e10srollout@mozilla.org version 1.0
1470393848502	addons.xpi	DEBUG	Calling bootstrap method shutdown on firefox@getpocket.com version 1.0.4
1470393848503	addons.xpi	DEBUG	Calling bootstrap method shutdown on loop@mozilla.org version 1.4.3
1470393848758	addons.manager	DEBUG	shutdown
1470393848758	addons.manager	DEBUG	Calling shutdown blocker for XPIProvider
1470393848759	addons.xpi	DEBUG	shutdown
1470393848759	addons.xpi-utils	DEBUG	shutdown
1470393848760	addons.manager	DEBUG	Calling shutdown blocker for LightweightThemeManager
1470393848761	addons.manager	DEBUG	Calling shutdown blocker for GMPProvider
1470393848763	addons.manager	DEBUG	Calling shutdown blocker for PluginProvider
1470393848764	addons.manager	DEBUG	Calling shutdown blocker for <unnamed-provider>
1470393848767	addons.manager	DEBUG	Calling shutdown blocker for PreviousExperimentProvider
1470393848771	addons.xpi	DEBUG	Notifying XPI shutdown observers
1470393848775	addons.manager	DEBUG	Async provider shutdown done

Build info: version: '2.53.1', revision: 'a36b8b1', time: '2016-06-30 17:37:03'
System info: host: 'L-000390', ip: '172.17.131.127', os.name: 'Windows 7', os.arch: 'amd64', os.version: '6.1', java.version: '1.8.0_101'
Driver info: driver.version: FirefoxDriver
	at org.openqa.selenium.firefox.internal.NewProfileExtensionConnection.start(NewProfileExtensionConnection.java:124)
	at org.openqa.selenium.firefox.FirefoxDriver.startClient(FirefoxDriver.java:271)
	at org.openqa.selenium.remote.RemoteWebDriver.<init>(RemoteWebDriver.java:119)
	at org.openqa.selenium.firefox.FirefoxDriver.<init>(FirefoxDriver.java:218)
	at org.openqa.selenium.firefox.FirefoxDriver.<init>(FirefoxDriver.java:211)
	at org.openqa.selenium.firefox.FirefoxDriver.<init>(FirefoxDriver.java:207)
	at org.openqa.selenium.firefox.FirefoxDriver.<init>(FirefoxDriver.java:120)
	at test.Test1.setUp(Test1.java:17)
Caused by: org.openqa.selenium.firefox.NotConnectedException: Unable to connect to host 127.0.0.1 on port 7055 after 45000 ms. Firefox console output:
104	addons.xpi	DEBUG	Updating database with changes to installed add-ons
1470393818104	addons.xpi-utils	DEBUG	Updating add-on states
1470393818108	addons.xpi-utils	DEBUG	Writing add-ons list
1470393818132	addons.xpi	DEBUG	Registering manifest for C:\Program Files (x86)\Mozilla Firefox\browser\features\e10srollout@mozilla.org.xpi
1470393818133	addons.xpi	DEBUG	Calling bootstrap method startup on e10srollout@mozilla.org version 1.0
1470393818133	addons.xpi	DEBUG	Registering manifest for C:\Program Files (x86)\Mozilla Firefox\browser\features\firefox@getpocket.com.xpi
1470393818134	addons.xpi	DEBUG	Calling bootstrap method startup on firefox@getpocket.com version 1.0.4
1470393818136	addons.xpi	DEBUG	Registering manifest for C:\Program Files (x86)\Mozilla Firefox\browser\features\loop@mozilla.org.xpi
1470393818138	addons.xpi	DEBUG	Calling bootstrap method startup on loop@mozilla.org version 1.4.3
1470393818279	addons.manager	DEBUG	Registering shutdown blocker for XPIProvider
1470393818280	addons.manager	DEBUG	Provider finished startup: XPIProvider
1470393818281	addons.manager	DEBUG	Starting provider: LightweightThemeManager
1470393818281	addons.manager	DEBUG	Registering shutdown blocker for LightweightThemeManager
1470393818282	addons.manager	DEBUG	Provider finished startup: LightweightThemeManager
1470393818283	addons.manager	DEBUG	Starting provider: GMPProvider
1470393818309	addons.manager	DEBUG	Registering shutdown blocker for GMPProvider
1470393818310	addons.manager	DEBUG	Provider finished startup: GMPProvider
1470393818310	addons.manager	DEBUG	Starting provider: PluginProvider
1470393818311	addons.manager	DEBUG	Registering shutdown blocker for PluginProvider
1470393818311	addons.manager	DEBUG	Provider finished startup: PluginProvider
1470393818313	addons.manager	DEBUG	Completed startup sequence
1470393819993	addons.manager	DEBUG	Starting provider: <unnamed-provider>
1470393819993	addons.manager	DEBUG	Registering shutdown blocker for <unnamed-provider>
1470393819994	addons.manager	DEBUG	Provider finished startup: <unnamed-provider>
1470393820625	DeferredSave.extensions.json	DEBUG	Write succeeded
1470393820625	addons.xpi-utils	DEBUG	XPI Database saved, setting schema version preference to 17
1470393820625	DeferredSave.extensions.json	DEBUG	Starting timer
1470393820653	DeferredSave.extensions.json	DEBUG	Starting write
1470393820692	addons.repository	DEBUG	No addons.json found.
1470393820693	DeferredSave.addons.json	DEBUG	Save changes
1470393820724	DeferredSave.addons.json	DEBUG	Starting timer
1470393821307	addons.manager	DEBUG	Starting provider: PreviousExperimentProvider
1470393821308	addons.manager	DEBUG	Registering shutdown blocker for PreviousExperimentProvider
1470393821309	addons.manager	DEBUG	Provider finished startup: PreviousExperimentProvider
1470393821788	DeferredSave.addons.json	DEBUG	Starting write
1470393821815	DeferredSave.extensions.json	DEBUG	Write succeeded
1470393822034	DeferredSave.addons.json	DEBUG	Write succeeded
1470393848502	addons.xpi	DEBUG	Calling bootstrap method shutdown on e10srollout@mozilla.org version 1.0
1470393848502	addons.xpi	DEBUG	Calling bootstrap method shutdown on firefox@getpocket.com version 1.0.4
1470393848503	addons.xpi	DEBUG	Calling bootstrap method shutdown on loop@mozilla.org version 1.4.3
1470393848758	addons.manager	DEBUG	shutdown
1470393848758	addons.manager	DEBUG	Calling shutdown blocker for XPIProvider
1470393848759	addons.xpi	DEBUG	shutdown
1470393848759	addons.xpi-utils	DEBUG	shutdown
1470393848760	addons.manager	DEBUG	Calling shutdown blocker for LightweightThemeManager
1470393848761	addons.manager	DEBUG	Calling shutdown blocker for GMPProvider
1470393848763	addons.manager	DEBUG	Calling shutdown blocker for PluginProvider
1470393848764	addons.manager	DEBUG	Calling shutdown blocker for <unnamed-provider>
1470393848767	addons.manager	DEBUG	Calling shutdown blocker for PreviousExperimentProvider
1470393848771	addons.xpi	DEBUG	Notifying XPI shutdown observers
1470393848775	addons.manager	DEBUG	Async provider shutdown done

	at org.openqa.selenium.firefox.internal.NewProfileExtensionConnection.start(NewProfileExtensionConnection.java:112)
	... 32 more
... Removed 25 stack frames]]>
    </failure>
  </testcase> <!-- @BeforeClass setUp -->
  <testcase name="@AfterClass tearDown" time="0.0" classname="test.Test1">
    <skipped/>
  </testcase> <!-- @AfterClass tearDown -->
  <testcase name="TestGoogle" time="0.005" classname="test.Test1">
    <skipped/>
  </testcase> <!-- TestGoogle -->
</testsuite> <!-- Default test -->
