<?xml version="1.0" encoding="UTF-8"?>
<testng-results skipped="0" failed="0" total="2" passed="2">
  <reporter-output>
  </reporter-output>
  <suite name="Default suite" duration-ms="11595" started-at="2016-11-01T13:43:10Z" finished-at="2016-11-01T13:43:21Z">
    <groups>
    </groups>
    <test name="Default test" duration-ms="11595" started-at="2016-11-01T13:43:10Z" finished-at="2016-11-01T13:43:21Z">
      <class name="tests.LoginTest">
        <test-method status="PASS" signature="beforeMethod()[pri:0, instance:tests.LoginTest@32d992b2]" name="beforeMethod" is-config="true" duration-ms="4941" started-at="2016-11-01T14:43:10Z" finished-at="2016-11-01T14:43:15Z">
          <reporter-output>
          </reporter-output>
        </test-method> <!-- beforeMethod -->
        <test-method status="PASS" signature="login200()[pri:0, instance:tests.LoginTest@32d992b2]" name="login200" duration-ms="4218" started-at="2016-11-01T14:43:15Z" finished-at="2016-11-01T14:43:19Z">
          <reporter-output>
          </reporter-output>
        </test-method> <!-- login200 -->
        <test-method status="PASS" signature="afterMethod()[pri:0, instance:tests.LoginTest@32d992b2]" name="afterMethod" is-config="true" duration-ms="1" started-at="2016-11-01T14:43:19Z" finished-at="2016-11-01T14:43:19Z">
          <reporter-output>
          </reporter-output>
        </test-method> <!-- afterMethod -->
        <test-method status="PASS" signature="login401()[pri:0, instance:tests.LoginTest@32d992b2]" name="login401" duration-ms="2400" started-at="2016-11-01T14:43:19Z" depends-on-methods="tests.LoginTest.login200" finished-at="2016-11-01T14:43:21Z">
          <reporter-output>
          </reporter-output>
        </test-method> <!-- login401 -->
        <test-method status="PASS" signature="afterMethod()[pri:0, instance:tests.LoginTest@32d992b2]" name="afterMethod" is-config="true" duration-ms="0" started-at="2016-11-01T14:43:21Z" finished-at="2016-11-01T14:43:21Z">
          <reporter-output>
          </reporter-output>
        </test-method> <!-- afterMethod -->
        <test-method status="PASS" signature="afterClass()[pri:0, instance:tests.LoginTest@32d992b2]" name="afterClass" is-config="true" duration-ms="1" started-at="2016-11-01T14:43:21Z" finished-at="2016-11-01T14:43:21Z">
          <reporter-output>
          </reporter-output>
        </test-method> <!-- afterClass -->
      </class> <!-- tests.LoginTest -->
    </test> <!-- Default test -->
  </suite> <!-- Default suite -->
</testng-results>
