<?xml version="1.0" encoding="UTF-8"?>
<testng-results skipped="0" failed="0" total="2" passed="2">
  <reporter-output>
  </reporter-output>
  <suite name="Default suite" duration-ms="33579" started-at="2016-08-15T08:34:23Z" finished-at="2016-08-15T08:34:56Z">
    <groups>
    </groups>
    <test name="Default test" duration-ms="33579" started-at="2016-08-15T08:34:23Z" finished-at="2016-08-15T08:34:56Z">
      <class name="test1.Test1">
        <test-method status="PASS" signature="beforeClass()[pri:0, instance:test1.Test1@7c0e2abd]" name="beforeClass" is-config="true" duration-ms="30045" started-at="2016-08-15T10:34:23Z" finished-at="2016-08-15T10:34:53Z">
          <reporter-output>
          </reporter-output>
        </test-method> <!-- beforeClass -->
        <test-method status="PASS" signature="verifyCareerTextLabel()[pri:0, instance:test1.Test1@7c0e2abd]" name="verifyCareerTextLabel" duration-ms="164" started-at="2016-08-15T10:34:53Z" finished-at="2016-08-15T10:34:53Z">
          <reporter-output>
          </reporter-output>
        </test-method> <!-- verifyCareerTextLabel -->
        <test-method status="PASS" signature="verifyProfile()[pri:0, instance:test1.Test1@7c0e2abd]" name="verifyProfile" duration-ms="81" started-at="2016-08-15T10:34:53Z" depends-on-methods="test1.Test1.verifyCareerTextLabel" finished-at="2016-08-15T10:34:53Z">
          <reporter-output>
          </reporter-output>
        </test-method> <!-- verifyProfile -->
        <test-method status="PASS" signature="afterClass()[pri:0, instance:test1.Test1@7c0e2abd]" name="afterClass" is-config="true" duration-ms="3171" started-at="2016-08-15T10:34:53Z" finished-at="2016-08-15T10:34:56Z">
          <reporter-output>
          </reporter-output>
        </test-method> <!-- afterClass -->
      </class> <!-- test1.Test1 -->
    </test> <!-- Default test -->
  </suite> <!-- Default suite -->
</testng-results>
